<?xml version="1.0" encoding="UTF-8"?>
<!-- Generated by org.testng.reporters.JUnitReportReporter -->
<testsuite skipped="0" hostname="DESKTOP-S1IA1E8" name="Test.Test3" tests="3" failures="0" timestamp="2021-12-20T23:01:57 IST" time="0.025" errors="0">
  <testcase name="loginAPIBike" time="0.009" classname="Test.Test3"/>
  <system-out/>
  <testcase name="webLoginBike" time="0.003" classname="Test.Test3"/>
  <system-out/>
  <testcase name="mobileLoginBike" time="0.013" classname="Test.Test3"/>
  <system-out/>
</testsuite> <!-- Test.Test3 -->
