<?xml version="1.0" encoding="UTF-8"?>
<!-- Generated by org.testng.reporters.JUnitReportReporter -->
<testsuite skipped="1" hostname="DESKTOP-S1IA1E8" name="Enabled.Enable" tests="4" failures="0" timestamp="2021-12-27T21:43:47 IST" time="0.012" errors="0">
  <testcase name="Boat" time="0.001" classname="Enabled.Enable"/>
  <system-out/>
  <testcase name="Dear" time="0.001" classname="Enabled.Enable"/>
  <system-out/>
  <testcase name="App" time="0.010" classname="Enabled.Enable"/>
  <system-out/>
  <testcase name="Cool" classname="Enabled.Enable">
    <skipped/>
  </testcase> <!-- Cool -->
  <system-out/>
</testsuite> <!-- Enabled.Enable -->
