<?xml version="1.0" encoding="UTF-8"?>
<!-- Generated by org.testng.reporters.JUnitReportReporter -->
<testsuite skipped="0" hostname="DESKTOP-S1IA1E8" name="Annotations.Annotation2" tests="2" failures="0" timestamp="2021-12-26T12:47:02 IST" time="0.006" errors="0">
  <testcase name="postRequisite1" time="0.003" classname="Annotations.Annotation2"/>
  <system-out/>
  <testcase name="postRequisite" time="0.003" classname="Annotations.Annotation2"/>
  <system-out/>
</testsuite> <!-- Annotations.Annotation2 -->
