<?xml version="1.0" encoding="UTF-8"?>
<!-- Generated by org.testng.reporters.JUnitReportReporter -->
<testsuite skipped="0" hostname="DESKTOP-S1IA1E8" name="Parameterization.Parameter" tests="3" failures="0" timestamp="2021-12-27T23:33:44 IST" time="0.014" errors="0">
  <testcase name="Boat" time="0.010" classname="Parameterization.Parameter"/>
  <system-out/>
  <testcase name="Dear" time="0.002" classname="Parameterization.Parameter"/>
  <system-out/>
  <testcase name="Cool" time="0.002" classname="Parameterization.Parameter"/>
  <system-out/>
</testsuite> <!-- Parameterization.Parameter -->
