<?xml version="1.0" encoding="UTF-8"?>
<!-- Generated by org.testng.reporters.JUnitReportReporter -->
<testsuite skipped="0" hostname="DESKTOP-S1IA1E8" name="Annotations.Annotation1" tests="2" failures="0" timestamp="2021-12-26T12:47:02 IST" time="0.014" errors="0">
  <testcase name="mloan" time="0.011" classname="Annotations.Annotation1"/>
  <system-out/>
  <testcase name="ploan" time="0.003" classname="Annotations.Annotation1"/>
  <system-out/>
</testsuite> <!-- Annotations.Annotation1 -->
