<?xml version="1.0" encoding="UTF-8"?>
<!-- Generated by org.testng.reporters.JUnitReportReporter -->
<testsuite skipped="0" hostname="DESKTOP-S1IA1E8" name="Test.Test5" tests="3" failures="0" timestamp="2021-12-20T23:01:57 IST" time="0.017" errors="0">
  <testcase name="mobSignup" time="0.003" classname="Test.Test5"/>
  <system-out/>
  <testcase name="mobsignIn" time="0.009" classname="Test.Test5"/>
  <system-out/>
  <testcase name="mob" time="0.005" classname="Test.Test5"/>
  <system-out/>
</testsuite> <!-- Test.Test5 -->
