<?xml version="1.0" encoding="UTF-8"?>
<!-- Generated by org.testng.reporters.JUnitReportReporter -->
<testsuite skipped="0" hostname="DESKTOP-S1IA1E8" name="Others.Day2" tests="2" failures="0" timestamp="2021-12-26T19:43:42 IST" time="0.004" errors="0">
  <testcase name="MyApp" time="0.002" classname="Others.Day2"/>
  <system-out/>
  <testcase name="MyPhone" time="0.002" classname="Others.Day2"/>
  <system-out/>
</testsuite> <!-- Others.Day2 -->
