<?xml version="1.0" encoding="UTF-8"?>
<!-- Generated by org.testng.reporters.JUnitReportReporter -->
<testsuite skipped="0" hostname="DESKTOP-S1IA1E8" name="Test.Test1" tests="2" failures="0" timestamp="2021-12-20T23:01:57 IST" time="0.028" errors="0">
  <testcase name="Demo" time="0.023" classname="Test.Test1"/>
  <system-out/>
  <testcase name="Demo1" time="0.005" classname="Test.Test1"/>
  <system-out/>
</testsuite> <!-- Test.Test1 -->
