<?xml version="1.0" encoding="UTF-8"?>
<!-- Generated by org.testng.reporters.JUnitReportReporter -->
<testsuite skipped="0" hostname="DESKTOP-S1IA1E8" name="Test.Test2" tests="1" failures="0" timestamp="2021-12-20T23:01:57 IST" time="0.003" errors="0">
  <testcase name="ploan" time="0.003" classname="Test.Test2"/>
  <system-out/>
</testsuite> <!-- Test.Test2 -->
