<?xml version="1.0" encoding="UTF-8"?>
<!-- Generated by org.testng.reporters.JUnitReportReporter -->
<testsuite skipped="0" hostname="DESKTOP-S1IA1E8" name="Parameterization.Parameter1" tests="2" failures="0" timestamp="2021-12-27T23:33:44 IST" time="0.004" errors="0">
  <testcase name="Dear" time="0.002" classname="Parameterization.Parameter1"/>
  <system-out/>
  <testcase name="Cool" time="0.002" classname="Parameterization.Parameter1"/>
  <system-out/>
</testsuite> <!-- Parameterization.Parameter1 -->
