<?xml version="1.0" encoding="UTF-8"?>
<!-- Generated by org.testng.reporters.JUnitReportReporter -->
<testsuite skipped="0" hostname="DESKTOP-S1IA1E8" name="DependsOn.Day1" tests="4" failures="0" timestamp="2021-12-26T22:15:52 IST" time="0.020" errors="0">
  <testcase name="App" time="0.002" classname="DependsOn.Day1"/>
  <system-out/>
  <testcase name="Cool" time="0.002" classname="DependsOn.Day1"/>
  <system-out/>
  <testcase name="Dear" time="0.003" classname="DependsOn.Day1"/>
  <system-out/>
  <testcase name="Boat" time="0.013" classname="DependsOn.Day1"/>
  <system-out/>
</testsuite> <!-- DependsOn.Day1 -->
