<?xml version="1.0" encoding="UTF-8"?>
<!-- Generated by org.testng.reporters.JUnitReportReporter -->
<testsuite skipped="0" hostname="DESKTOP-S1IA1E8" name="Test.Test4" tests="3" failures="0" timestamp="2021-12-20T23:01:57 IST" time="0.013" errors="0">
  <testcase name="loginAPICar" time="0.004" classname="Test.Test4"/>
  <system-out/>
  <testcase name="mobileLoginCar" time="0.004" classname="Test.Test4"/>
  <system-out/>
  <testcase name="webLoginCar" time="0.005" classname="Test.Test4"/>
  <system-out/>
</testsuite> <!-- Test.Test4 -->
