<?xml version="1.0" encoding="UTF-8"?>
<!-- Generated by org.testng.reporters.JUnitReportReporter -->
<testsuite skipped="0" hostname="DESKTOP-S1IA1E8" name="Others.Day1" tests="2" failures="0" timestamp="2021-12-26T19:43:42 IST" time="0.013" errors="0">
  <testcase name="preRequisite" time="0.011" classname="Others.Day1"/>
  <system-out/>
  <testcase name="precond" time="0.002" classname="Others.Day1"/>
  <system-out/>
</testsuite> <!-- Others.Day1 -->
